<?xml version="1.0" encoding="UTF-8"?>
<TestRun id="5965957c-3f05-425c-9d60-71ac06443e79" name="Tomek@TOMEK-PC 2013-08-01 23:07:36" runUser="Tomek-PC\Tomek" xmlns="http://microsoft.com/schemas/VisualStudio/TeamTest/2010">
  <TestSettings name="Local" id="83c6241b-0179-4f92-a97f-e8c97ffb8fdc">
    <Description>These are default test settings for a local test run.</Description>
    <Deployment enabled="false" runDeploymentRoot="Tomek_TOMEK-PC 2013-08-01 23_07_36">
      <DeploymentItem filename="c:\users\tomek\documents\visual studio 2010\Projects\JenkinsWrapper\JenkinsWrapper\bin\Debug\JenkinsWrapper.exe" />
    </Deployment>
    <Execution>
      <TestTypeSpecific />
      <AgentRule name="Execution Agents">
      </AgentRule>
    </Execution>
  </TestSettings>
  <Times creation="2013-08-01T23:07:36.8581226+02:00" queuing="2013-08-01T23:07:37.7377343+02:00" start="2013-08-01T23:07:37.7852404+02:00" finish="2013-08-01T23:07:38.0947797+02:00" />
  <ResultSummary outcome="Completed">
    <Counters total="1" executed="1" passed="1" error="0" failed="0" timeout="0" aborted="0" inconclusive="0" passedButRunAborted="0" notRunnable="0" notExecuted="0" disconnected="0" warning="0" completed="0" inProgress="0" pending="0" />
  </ResultSummary>
  <TestDefinitions>
    <UnitTest name="TestMethod1" storage="c:\users\tomek\documents\visual studio 2010\projects\jenkinswrapper\unittests\bin\debug\unittests.dll" id="90631fb1-248b-b9df-410b-d97b3a4e4f01">
      <Execution id="79e986fa-542f-4db2-a43f-531a921e8a21" />
      <TestMethod codeBase="c:/users/tomek/documents/visual studio 2010/Projects/JenkinsWrapper/UnitTests/bin/Debug/UnitTests.DLL" adapterTypeName="Microsoft.VisualStudio.TestTools.TestTypes.Unit.UnitTestAdapter, Microsoft.VisualStudio.QualityTools.Tips.UnitTest.Adapter, Version=10.0.0.0, Culture=neutral, PublicKeyToken=b03f5f7f11d50a3a" className="UnitTests.UnitTest, UnitTests, Version=1.0.0.0, Culture=neutral, PublicKeyToken=null" name="TestMethod1" />
    </UnitTest>
  </TestDefinitions>
  <TestLists>
    <TestList name="Results Not in a List" id="8c84fa94-04c1-424b-9868-57a2d4851a1d" />
    <TestList name="All Loaded Results" id="19431567-8539-422a-85d7-44ee4e166bda" />
  </TestLists>
  <TestEntries>
    <TestEntry testId="90631fb1-248b-b9df-410b-d97b3a4e4f01" executionId="79e986fa-542f-4db2-a43f-531a921e8a21" testListId="8c84fa94-04c1-424b-9868-57a2d4851a1d" />
  </TestEntries>
  <Results>
    <UnitTestResult executionId="79e986fa-542f-4db2-a43f-531a921e8a21" testId="90631fb1-248b-b9df-410b-d97b3a4e4f01" testName="TestMethod1" computerName="TOMEK-PC" duration="00:00:00.0130379" startTime="2013-08-01T23:07:37.7982420+02:00" endTime="2013-08-01T23:07:38.0462735+02:00" testType="13cdc9d9-ddb5-4fa4-a97d-d965ccfc6d4b" outcome="Passed" testListId="8c84fa94-04c1-424b-9868-57a2d4851a1d" relativeResultsDirectory="79e986fa-542f-4db2-a43f-531a921e8a21">
    </UnitTestResult>
  </Results>
</TestRun>