<?xml version="1.0" encoding="UTF-8"?>
<TestRun id="f3fe7a65-5a05-4f4e-b7ca-3a888bd689c9" name="Tomek@TOMEK-PC 2013-08-01 23:42:46" runUser="Tomek-PC\Tomek" xmlns="http://microsoft.com/schemas/VisualStudio/TeamTest/2010">
  <TestSettings name="Local" id="83c6241b-0179-4f92-a97f-e8c97ffb8fdc">
    <Description>These are default test settings for a local test run.</Description>
    <Deployment enabled="false" runDeploymentRoot="Tomek_TOMEK-PC 2013-08-01 23_42_46">
      <DeploymentItem filename="c:\users\tomek\documents\visual studio 2010\Projects\JenkinsWrapper\JenkinsWrapper\bin\Debug\JenkinsWrapper.exe" />
    </Deployment>
    <Execution>
      <TestTypeSpecific />
      <AgentRule name="Execution Agents">
      </AgentRule>
    </Execution>
  </TestSettings>
  <Times creation="2013-08-01T23:42:46.5730224+02:00" queuing="2013-08-01T23:42:46.6365305+02:00" start="2013-08-01T23:42:46.6405310+02:00" finish="2013-08-01T23:42:46.8770610+02:00" />
  <ResultSummary outcome="Failed">
    <Counters total="1" executed="1" error="0" failed="1" timeout="0" aborted="0" inconclusive="0" passedButRunAborted="0" notRunnable="0" notExecuted="0" disconnected="0" warning="0" passed="0" completed="0" inProgress="0" pending="0" />
  </ResultSummary>
  <TestDefinitions>
    <UnitTest name="Test_getPID" storage="c:\users\tomek\documents\visual studio 2010\projects\jenkinswrapper\unittests\bin\debug\unittests.dll" id="36df5438-4de6-ec1e-e4e7-f8eda85c9381">
      <Execution id="1e1abaa9-d380-44f9-9282-6490ae19f50d" />
      <TestMethod codeBase="c:/users/tomek/documents/visual studio 2010/Projects/JenkinsWrapper/UnitTests/bin/Debug/UnitTests.DLL" adapterTypeName="Microsoft.VisualStudio.TestTools.TestTypes.Unit.UnitTestAdapter, Microsoft.VisualStudio.QualityTools.Tips.UnitTest.Adapter, Version=10.0.0.0, Culture=neutral, PublicKeyToken=b03f5f7f11d50a3a" className="UnitTests.UnitTest, UnitTests, Version=1.0.0.0, Culture=neutral, PublicKeyToken=null" name="Test_getPID" />
    </UnitTest>
  </TestDefinitions>
  <TestLists>
    <TestList name="Results Not in a List" id="8c84fa94-04c1-424b-9868-57a2d4851a1d" />
    <TestList name="All Loaded Results" id="19431567-8539-422a-85d7-44ee4e166bda" />
  </TestLists>
  <TestEntries>
    <TestEntry testId="36df5438-4de6-ec1e-e4e7-f8eda85c9381" executionId="1e1abaa9-d380-44f9-9282-6490ae19f50d" testListId="8c84fa94-04c1-424b-9868-57a2d4851a1d" />
  </TestEntries>
  <Results>
    <UnitTestResult executionId="1e1abaa9-d380-44f9-9282-6490ae19f50d" testId="36df5438-4de6-ec1e-e4e7-f8eda85c9381" testName="Test_getPID" computerName="TOMEK-PC" duration="00:00:00.0529140" startTime="2013-08-01T23:42:46.6425312+02:00" endTime="2013-08-01T23:42:46.8665597+02:00" testType="13cdc9d9-ddb5-4fa4-a97d-d965ccfc6d4b" outcome="Failed" testListId="8c84fa94-04c1-424b-9868-57a2d4851a1d" relativeResultsDirectory="1e1abaa9-d380-44f9-9282-6490ae19f50d">
      <Output>
        <StdOut>[ 8744.]</StdOut>
        <ErrorInfo>
          <Message>Assert.AreEqual failed. Expected:&lt;8744&gt;. Actual:&lt; 8744.&gt;. </Message>
          <StackTrace>   at UnitTests.UnitTest.Test_getPID() in c:\users\tomek\documents\visual studio 2010\Projects\JenkinsWrapper\UnitTests\UnitTest.cs:line 24
</StackTrace>
        </ErrorInfo>
      </Output>
    </UnitTestResult>
  </Results>
</TestRun>